+ cd 'Admin Portal'
+ npm install

added 235 packages, and audited 236 packages in 4s

43 packages are looking for funding
  run `npm fund` for details

found 0 vulnerabilities
+ npm run build

> admin-portal@0.0.0 build
> vite build

[36mvite v8.0.16 [32mbuilding client environment for production...[36m[39m
[2Ktransforming...✓ 2374 modules transformed.
rendering chunks...
computing gzip size...
dist/index.html                                    0.46 kB │ gzip:   0.29 kB
dist/assets/milky-way-starry-sky2k-Fc_h7PZs.jpg  788.72 kB
dist/assets/avatar-eiPOmw9v.png                  839.93 kB
dist/assets/index-BAyYDh9V.css                    14.91 kB │ gzip:   3.59 kB
dist/assets/index-CglXGFe2.js                    865.88 kB │ gzip: 247.57 kB

[32m✓ built in 635ms[39m
[33m[plugin builtin:vite-reporter] 
(!) Some chunks are larger than 500 kB after minification. Consider:
- Using dynamic import() to code-split the application
- Use build.rolldownOptions.output.codeSplitting to improve chunking: https://rolldown.rs/reference/OutputOptions.codeSplitting
- Adjust chunk size limit for this warning via build.chunkSizeWarningLimit.[39m
+ cd ..
+ cd 'Student portal'
+ npm install

added 191 packages, and audited 192 packages in 3s

35 packages are looking for funding
  run `npm fund` for details

found 0 vulnerabilities
+ npm run build

> student-portal@0.0.0 build
> vite build

[36mvite v8.0.16 [32mbuilding client environment for production...[36m[39m
[2Ktransforming...✓ 2376 modules transformed.
rendering chunks...
computing gzip size...
dist/index.html                                    0.46 kB │ gzip:   0.29 kB
dist/assets/milky-way-starry-sky2k-Fc_h7PZs.jpg  788.72 kB
dist/assets/avatar-eiPOmw9v.png                  839.93 kB
dist/assets/index-fF3O60cj.css                    25.29 kB │ gzip:   5.22 kB
dist/assets/index-CDiDReds.js                    829.21 kB │ gzip: 239.83 kB

[32m✓ built in 692ms[39m
[33m[plugin builtin:vite-reporter] 
(!) Some chunks are larger than 500 kB after minification. Consider:
- Using dynamic import() to code-split the application
- Use build.rolldownOptions.output.codeSplitting to improve chunking: https://rolldown.rs/reference/OutputOptions.codeSplitting
- Adjust chunk size limit for this warning via build.chunkSizeWarningLimit.[39m
+ cd ..
+ cd 'Teacher Portal'
+ npm install

added 237 packages, and audited 238 packages in 3s

43 packages are looking for funding
  run `npm fund` for details

found 0 vulnerabilities
+ npm run build

> teacher-portal@0.0.0 build
> vite build

[36mvite v8.0.16 [32mbuilding client environment for production...[36m[39m
[2Ktransforming...✓ 2372 modules transformed.
rendering chunks...
computing gzip size...
dist/index.html                                    0.46 kB │ gzip:   0.30 kB
dist/assets/milky-way-starry-sky2k-Fc_h7PZs.jpg  788.72 kB
dist/assets/avatar-eiPOmw9v.png                  839.93 kB
dist/assets/index-DWudVSz5.css                    10.97 kB │ gzip:   2.73 kB
dist/assets/index-Dbhd_2PH.js                    856.03 kB │ gzip: 245.69 kB

[32m✓ built in 624ms[39m
[33m[plugin builtin:vite-reporter] 
(!) Some chunks are larger than 500 kB after minification. Consider:
- Using dynamic import() to code-split the application
- Use build.rolldownOptions.output.codeSplitting to improve chunking: https://rolldown.rs/reference/OutputOptions.codeSplitting
- Adjust chunk size limit for this warning via build.chunkSizeWarningLimit.[39m
+ cd ..
+ mkdir -p public
+ cp -r 'Landing Page/about (1).html' 'Landing Page/about.html' 'Landing Page/assets' 'Landing Page/b2b.html' 'Landing Page/features (1).html' 'Landing Page/features.html' 'Landing Page/index.html' 'Landing Page/login (1).html' 'Landing Page/login (2).html' 'Landing Page/login (3).html' 'Landing Page/login (4).html' 'Landing Page/login (5).html' 'Landing Page/login (6).html' 'Landing Page/login (7).html' 'Landing Page/login (8).html' 'Landing Page/login.html' 'Landing Page/portfolio' 'Landing Page/pricing.html' 'Landing Page/script.js' 'Landing Page/signup.html' 'Landing Page/styles.css' 'Landing Page/supabase-config (1) (1).js' 'Landing Page/supabase-config (1) (10).js' 'Landing Page/supabase-config (1) (11).js' 'Landing Page/supabase-config (1) (12).js' 'Landing Page/supabase-config (1) (13).js' 'Landing Page/supabase-config (1) (14).js' 'Landing Page/supabase-config (1) (15).js' 'Landing Page/supabase-config (1) (16).js' 'Landing Page/supabase-config (1) (17).js' 'Landing Page/supabase-config (1) (18).js' 'Landing Page/supabase-config (1) (19).js' 'Landing Page/supabase-config (1) (2).js' 'Landing Page/supabase-config (1) (20).js' 'Landing Page/supabase-config (1) (21).js' 'Landing Page/supabase-config (1) (22).js' 'Landing Page/supabase-config (1) (23).js' 'Landing Page/supabase-config (1) (24).js' 'Landing Page/supabase-config (1) (25).js' 'Landing Page/supabase-config (1) (26).js' 'Landing Page/supabase-config (1) (27).js' 'Landing Page/supabase-config (1) (28).js' 'Landing Page/supabase-config (1) (29).js' 'Landing Page/supabase-config (1) (3).js' 'Landing Page/supabase-config (1) (30).js' 'Landing Page/supabase-config (1) (31).js' 'Landing Page/supabase-config (1) (32).js' 'Landing Page/supabase-config (1) (33).js' 'Landing Page/supabase-config (1) (34).js' 'Landing Page/supabase-config (1) (4).js' 'Landing Page/supabase-config (1) (5).js' 'Landing Page/supabase-config (1) (6).js' 'Landing Page/supabase-config (1) (7).js' 'Landing Page/supabase-config (1) (8).js' 'Landing Page/supabase-config (1) (9).js' 'Landing Page/supabase-config (1).js' 'Landing Page/supabase-config.js' public/
+ mkdir -p public/admin public/student public/teacher
+ cp -r 'Admin Portal/dist/assets' 'Admin Portal/dist/favicon.svg' 'Admin Portal/dist/icons.svg' 'Admin Portal/dist/index.html' public/admin/
+ cp -r 'Student portal/dist/assets' 'Student portal/dist/favicon.svg' 'Student portal/dist/icons.svg' 'Student portal/dist/index.html' public/student/
+ cp -r 'Teacher Portal/dist/assets' 'Teacher Portal/dist/favicon.svg' 'Teacher Portal/dist/icons.svg' 'Teacher Portal/dist/index.html' public/teacher/
